  main.cpp
d:\visual studio 2017\p\fish\fish\mystring.h(148): warning C4002: “_free”宏的实参太多
d:\visual studio 2017\p\fish\fish\simple_json.h(132): warning C4477: “printf”: 格式字符串“%d”需要类型“int”的参数，但可变参数 2 拥有了类型“char *”
d:\visual studio 2017\p\fish\fish\simple_json.h(294): warning C4244: “return”: 从“double”转换到“float”，可能丢失数据
d:\visual studio 2017\p\fish\fish\setting.hpp(130): warning C4244: “初始化”: 从“my_ulonglong”转换到“unsigned int”，可能丢失数据
d:\visual studio 2017\p\fish\fish\user.hpp(265): warning C4838: 从“int”转换到“char”需要收缩转换
d:\visual studio 2017\p\fish\fish\user.hpp(265): warning C4309: “初始化”: 截断常量值
d:\visual studio 2017\p\fish\fish\fishs.hpp(245): warning C4477: “sprintf”: 格式字符串“%.2f”需要类型“double”的参数，但可变参数 11 拥有了类型“int”
d:\visual studio 2017\p\fish\fish\room.hpp(54): warning C4477: “printf”: 格式字符串“%d”需要类型“int”的参数，但可变参数 1 拥有了类型“Player *”
d:\visual studio 2017\p\fish\fish\entry.hpp(220): warning C4018: “<”: 有符号/无符号不匹配
d:\visual studio 2017\p\fish\fish\entry.hpp(321): warning C4002: “_free”宏的实参太多
d:\visual studio 2017\p\fish\fish\entry.hpp(345): warning C4002: “_free”宏的实参太多
d:\visual studio 2017\p\fish\fish\websocket.hpp(39): warning C4101: “msg”: 未引用的局部变量
d:\visual studio 2017\p\fish\fish\websocket.hpp(35): warning C4101: “i”: 未引用的局部变量
d:\visual studio 2017\p\fish\fish\websocket.hpp(64): warning C4101: “msg”: 未引用的局部变量
d:\visual studio 2017\p\fish\fish\websocket.hpp(91): warning C4101: “str”: 未引用的局部变量
d:\visual studio 2017\p\fish\fish\websocket.hpp(277): warning C4102: “end”: 未引用的标签
d:\visual studio 2017\p\fish\fish\websocket.hpp(342): warning C4018: “<”: 有符号/无符号不匹配
d:\visual studio 2017\p\fish\fish\main.cpp(88): warning C4474: printf: 格式字符串中传递的参数太多
  d:\visual studio 2017\p\fish\fish\main.cpp(88): note: 占位符和其参数预计 0 可变参数，但提供的却是 1 参数
  hiredis.lib(hiredis.obj) : 找到 MSIL .netmodule 或使用 /GL 编译的模块；正在使用 /LTCG 重新启动链接；将 /LTCG 添加到链接命令行以改进链接器性能
LINK : warning LNK4075: 忽略“/INCREMENTAL”(由于“/LTCG”规范)
LINK : warning LNK4098: 默认库“MSVCRT”与其他库的使用冲突；请使用 /NODEFAULTLIB:library
  正在生成代码
  已完成代码的生成
hiredis.lib(hiredis.obj) : warning LNK4099: 未找到 PDB“vc100.pdb”(使用“hiredis.lib(hiredis.obj)”或在“D:\Visual Studio 2017\P\fish\Debug\vc100.pdb”中寻找)；正在链接对象，如同没有调试信息一样
hiredis.lib(sds.obj) : warning LNK4099: 未找到 PDB“vc100.pdb”(使用“hiredis.lib(sds.obj)”或在“D:\Visual Studio 2017\P\fish\Debug\vc100.pdb”中寻找)；正在链接对象，如同没有调试信息一样
hiredis.lib(net.obj) : warning LNK4099: 未找到 PDB“vc100.pdb”(使用“hiredis.lib(net.obj)”或在“D:\Visual Studio 2017\P\fish\Debug\vc100.pdb”中寻找)；正在链接对象，如同没有调试信息一样
  fish.vcxproj -> D:\Visual Studio 2017\P\fish\Debug\fish.exe
  fish.vcxproj -> D:\Visual Studio 2017\P\fish\Debug\fish.pdb (Partial PDB)
